<?xml version="1.0" encoding="UTF-8"?>
<!-- Generated by org.testng.reporters.JUnitReportReporter -->
<testsuite hostname="DESKTOP-BMK3LDR" failures="0" tests="1" name="DevopsProject_Automation.validateHomePage" time="56.206" errors="0" timestamp="2025-09-02T10:29:48 IST" skipped="0">
  <testcase classname="DevopsProject_Automation.validateHomePage" name="test1" time="56.206"/>
</testsuite> <!-- DevopsProject_Automation.validateHomePage -->
