<?xml version="1.0" encoding="UTF-8"?>
<!-- Generated by org.testng.reporters.JUnitReportReporter -->
<testsuite hostname="DESKTOP-BMK3LDR" failures="0" tests="1" name="DevopsProject_Automation.ValidateLoginPage" time="8.138" errors="0" timestamp="2025-09-02T10:34:16 IST" skipped="0">
  <testcase classname="DevopsProject_Automation.ValidateLoginPage" name="test" time="8.138"/>
</testsuite> <!-- DevopsProject_Automation.ValidateLoginPage -->
